{"C:\\Users\\cjsal\\Documents\\2. UAI\\Informatica\\Progra pro\\proyecto\\SigmaBoys\\client\\src\\componentes\\Login.tsx": {"path":"C:\\Users\\cjsal\\Documents\\2. UAI\\Informatica\\Progra pro\\proyecto\\SigmaBoys\\client\\src\\componentes\\Login.tsx","statementMap":{"0":{"start":{"line":1,"column":0},"end":{"line":1,"column":51}},"1":{"start":{"line":2,"column":0},"end":{"line":2,"column":47}},"2":{"start":{"line":3,"column":0},"end":{"line":3,"column":48}},"3":{"start":{"line":4,"column":0},"end":{"line":4,"column":58}},"4":{"start":{"line":5,"column":0},"end":{"line":5,"column":42}},"5":{"start":{"line":7,"column":24},"end":{"line":87,"column":1}},"6":{"start":{"line":8,"column":30},"end":{"line":8,"column":42}},"7":{"start":{"line":9,"column":34},"end":{"line":9,"column":46}},"8":{"start":{"line":10,"column":28},"end":{"line":10,"column":57}},"9":{"start":{"line":11,"column":19},"end":{"line":11,"column":32}},"10":{"start":{"line":12,"column":27},"end":{"line":12,"column":40}},"11":{"start":{"line":14,"column":2},"end":{"line":19,"column":17}},"12":{"start":{"line":15,"column":18},"end":{"line":15,"column":47}},"13":{"start":{"line":16,"column":4},"end":{"line":18,"column":5}},"14":{"start":{"line":17,"column":6},"end":{"line":17,"column":35}},"15":{"start":{"line":21,"column":22},"end":{"line":47,"column":3}},"16":{"start":{"line":22,"column":4},"end":{"line":22,"column":19}},"17":{"start":{"line":25,"column":20},"end":{"line":25,"column":89}},"18":{"start":{"line":27,"column":4},"end":{"line":46,"column":5}},"19":{"start":{"line":28,"column":18},"end":{"line":32,"column":8}},"20":{"start":{"line":34,"column":6},"end":{"line":42,"column":7}},"21":{"start":{"line":35,"column":21},"end":{"line":35,"column":37}},"22":{"start":{"line":36,"column":8},"end":{"line":36,"column":50}},"23":{"start":{"line":37,"column":8},"end":{"line":37,"column":37}},"24":{"start":{"line":38,"column":13},"end":{"line":42,"column":7}},"25":{"start":{"line":39,"column":8},"end":{"line":39,"column":79}},"26":{"start":{"line":41,"column":8},"end":{"line":41,"column":60}},"27":{"start":{"line":44,"column":6},"end":{"line":44,"column":36}},"28":{"start":{"line":45,"column":6},"end":{"line":45,"column":27}},"29":{"start":{"line":49,"column":2},"end":{"line":86,"column":4}},"30":{"start":{"line":54,"column":10},"end":{"line":54,"column":29}},"31":{"start":{"line":55,"column":10},"end":{"line":55,"column":24}},"32":{"start":{"line":62,"column":29},"end":{"line":62,"column":54}},"33":{"start":{"line":74,"column":29},"end":{"line":74,"column":56}},"34":{"start":{"line":89,"column":0},"end":{"line":89,"column":21}}},"fnMap":{"0":{"name":"(anonymous_10)","decl":{"start":{"line":7,"column":24},"end":{"line":7,"column":27}},"loc":{"start":{"line":7,"column":29},"end":{"line":87,"column":1}}},"1":{"name":"(anonymous_11)","decl":{"start":{"line":14,"column":12},"end":{"line":14,"column":15}},"loc":{"start":{"line":14,"column":17},"end":{"line":19,"column":3}}},"2":{"name":"(anonymous_12)","decl":{"start":{"line":21,"column":22},"end":{"line":21,"column":27}},"loc":{"start":{"line":21,"column":33},"end":{"line":47,"column":3}}},"3":{"name":"(anonymous_13)","decl":{"start":{"line":53,"column":18},"end":{"line":53,"column":19}},"loc":{"start":{"line":53,"column":24},"end":{"line":56,"column":9}}},"4":{"name":"(anonymous_14)","decl":{"start":{"line":62,"column":22},"end":{"line":62,"column":23}},"loc":{"start":{"line":62,"column":29},"end":{"line":62,"column":54}}},"5":{"name":"(anonymous_15)","decl":{"start":{"line":74,"column":22},"end":{"line":74,"column":23}},"loc":{"start":{"line":74,"column":29},"end":{"line":74,"column":56}}}},"branchMap":{"0":{"loc":{"start":{"line":16,"column":4},"end":{"line":18,"column":5}},"type":"if","locations":[{"start":{"line":16,"column":4},"end":{"line":18,"column":5}},{"start":{},"end":{}}]},"1":{"loc":{"start":{"line":25,"column":20},"end":{"line":25,"column":89}},"type":"binary-expr","locations":[{"start":{"line":25,"column":20},"end":{"line":25,"column":44}},{"start":{"line":25,"column":48},"end":{"line":25,"column":89}}]},"2":{"loc":{"start":{"line":34,"column":6},"end":{"line":42,"column":7}},"type":"if","locations":[{"start":{"line":34,"column":6},"end":{"line":42,"column":7}},{"start":{"line":38,"column":13},"end":{"line":42,"column":7}}]},"3":{"loc":{"start":{"line":38,"column":13},"end":{"line":42,"column":7}},"type":"if","locations":[{"start":{"line":38,"column":13},"end":{"line":42,"column":7}},{"start":{"line":40,"column":13},"end":{"line":42,"column":7}}]},"4":{"loc":{"start":{"line":39,"column":17},"end":{"line":39,"column":77}},"type":"binary-expr","locations":[{"start":{"line":39,"column":17},"end":{"line":39,"column":40}},{"start":{"line":39,"column":44},"end":{"line":39,"column":77}}]},"5":{"loc":{"start":{"line":51,"column":11},"end":{"line":51,"column":54}},"type":"binary-expr","locations":[{"start":{"line":51,"column":11},"end":{"line":51,"column":34}},{"start":{"line":51,"column":38},"end":{"line":51,"column":54}}]},"6":{"loc":{"start":{"line":64,"column":25},"end":{"line":64,"column":78}},"type":"binary-expr","locations":[{"start":{"line":64,"column":25},"end":{"line":64,"column":54}},{"start":{"line":64,"column":58},"end":{"line":64,"column":78}}]},"7":{"loc":{"start":{"line":76,"column":25},"end":{"line":76,"column":70}},"type":"binary-expr","locations":[{"start":{"line":76,"column":25},"end":{"line":76,"column":54}},{"start":{"line":76,"column":58},"end":{"line":76,"column":70}}]},"8":{"loc":{"start":{"line":82,"column":9},"end":{"line":82,"column":61}},"type":"binary-expr","locations":[{"start":{"line":82,"column":9},"end":{"line":82,"column":14}},{"start":{"line":82,"column":18},"end":{"line":82,"column":61}}]},"9":{"loc":{"start":{"line":83,"column":22},"end":{"line":83,"column":58}},"type":"binary-expr","locations":[{"start":{"line":83,"column":22},"end":{"line":83,"column":46}},{"start":{"line":83,"column":50},"end":{"line":83,"column":58}}]}},"s":{"0":1,"1":1,"2":1,"3":1,"4":1,"5":1,"6":10,"7":10,"8":10,"9":10,"10":10,"11":10,"12":3,"13":3,"14":0,"15":10,"16":2,"17":2,"18":2,"19":2,"20":2,"21":1,"22":1,"23":1,"24":1,"25":1,"26":0,"27":0,"28":0,"29":10,"30":2,"31":2,"32":2,"33":2,"34":1},"f":{"0":10,"1":3,"2":2,"3":2,"4":2,"5":2},"b":{"0":[0,3],"1":[2,0],"2":[1,1],"3":[1,0],"4":[1,0],"5":[10,0],"6":[10,0],"7":[10,0],"8":[10,1],"9":[10,0]}}
}
