TN:
SF:src\componentes\Login.tsx
FN:7,(anonymous_10)
FN:14,(anonymous_11)
FN:21,(anonymous_12)
FN:53,(anonymous_13)
FN:62,(anonymous_14)
FN:74,(anonymous_15)
FNF:6
FNH:6
FNDA:10,(anonymous_10)
FNDA:3,(anonymous_11)
FNDA:2,(anonymous_12)
FNDA:2,(anonymous_13)
FNDA:2,(anonymous_14)
FNDA:2,(anonymous_15)
DA:1,1
DA:2,1
DA:3,1
DA:4,1
DA:5,1
DA:7,1
DA:8,10
DA:9,10
DA:10,10
DA:11,10
DA:12,10
DA:14,10
DA:15,3
DA:16,3
DA:17,0
DA:21,10
DA:22,2
DA:25,2
DA:27,2
DA:28,2
DA:34,2
DA:35,1
DA:36,1
DA:37,1
DA:38,1
DA:39,1
DA:41,0
DA:44,0
DA:45,0
DA:49,10
DA:54,2
DA:55,2
DA:62,2
DA:74,2
DA:89,1
LF:35
LH:31
BRDA:16,0,0,0
BRDA:16,0,1,3
BRDA:25,1,0,2
BRDA:25,1,1,0
BRDA:34,2,0,1
BRDA:34,2,1,1
BRDA:38,3,0,1
BRDA:38,3,1,0
BRDA:39,4,0,1
BRDA:39,4,1,0
BRDA:51,5,0,10
BRDA:51,5,1,0
BRDA:64,6,0,10
BRDA:64,6,1,0
BRDA:76,7,0,10
BRDA:76,7,1,0
BRDA:82,8,0,10
BRDA:82,8,1,1
BRDA:83,9,0,10
BRDA:83,9,1,0
BRF:20
BRH:12
end_of_record
